<?xml version="1.0" encoding="UTF-8"?>
<!-- Generated by org.testng.reporters.JUnitReportReporter -->
<testsuite hostname="Mohammeds-MacBook-Pro.local" failures="0" tests="4" name="com.browserstack.tests.SampleTest" time="85.341" errors="0" timestamp="13 Apr 2021 06:41:21 GMT">
  <testcase classname="com.browserstack.tests.SampleTest" name="testCase1" time="23.795"/>
  <testcase classname="com.browserstack.tests.SampleTest" name="testCase1" time="12.568"/>
  <testcase classname="com.browserstack.tests.SampleTest" name="testCase1" time="30.895"/>
  <testcase classname="com.browserstack.tests.SampleTest" name="testCase1" time="18.083"/>
</testsuite> <!-- com.browserstack.tests.SampleTest -->
