<?xml version="1.0" encoding="UTF-8"?>
<!-- Generated by org.testng.reporters.JUnitReportReporter -->
<testsuite hostname="Mohammeds-MacBook-Pro.local" failures="0" tests="4" name="com.browserstack.Example" time="74.347" errors="0" timestamp="13 Apr 2021 06:15:52 GMT">
  <testcase classname="com.browserstack.Example" name="testCase1" time="15.211"/>
  <testcase classname="com.browserstack.Example" name="testCase1" time="18.245"/>
  <testcase classname="com.browserstack.Example" name="testCase1" time="23.006"/>
  <testcase classname="com.browserstack.Example" name="testCase1" time="17.885"/>
</testsuite> <!-- com.browserstack.Example -->
