<?xml version="1.0" encoding="UTF-8"?>
<!-- Generated by org.testng.reporters.JUnitReportReporter -->
<testsuite hostname="Mohammeds-MacBook-Pro.local" failures="0" tests="4" name="com.browserstack.tests.Example" time="68.562" errors="0" timestamp="13 Apr 2021 06:15:52 GMT">
  <testcase classname="com.browserstack.tests.Example" name="testCase1" time="17.198"/>
  <testcase classname="com.browserstack.tests.Example" name="testCase1" time="22.402"/>
  <testcase classname="com.browserstack.tests.Example" name="testCase1" time="17.139"/>
  <testcase classname="com.browserstack.tests.Example" name="testCase1" time="11.823"/>
</testsuite> <!-- com.browserstack.tests.Example -->
