<?xml version="1.0" encoding="UTF-8"?>
<!-- Generated by org.testng.reporters.JUnitReportReporter -->
<testsuite hostname="Mohammeds-MacBook-Pro.local" failures="0" tests="4" name="com.browserstack.tests.SampleTest" time="70.479" errors="0" timestamp="14 Apr 2021 06:25:51 GMT">
  <testcase classname="com.browserstack.tests.SampleTest" name="testCase1" time="18.851"/>
  <testcase classname="com.browserstack.tests.SampleTest" name="testCase1" time="12.130"/>
  <testcase classname="com.browserstack.tests.SampleTest" name="testCase1" time="23.755"/>
  <testcase classname="com.browserstack.tests.SampleTest" name="testCase1" time="15.743"/>
</testsuite> <!-- com.browserstack.tests.SampleTest -->
