<?xml version="1.0" encoding="UTF-8"?>
<!-- Generated by org.testng.reporters.JUnitReportReporter -->
<testsuite hostname="Mohammeds-MacBook-Pro.local" failures="0" tests="4" name="com.browserstack.tests.SampleTest" time="63.759" errors="0" timestamp="21 Jun 2021 09:09:56 GMT">
  <testcase classname="com.browserstack.tests.SampleTest" name="testCase1" time="13.774"/>
  <testcase classname="com.browserstack.tests.SampleTest" name="testCase1" time="23.403"/>
  <testcase classname="com.browserstack.tests.SampleTest" name="testCase1" time="12.320"/>
  <testcase classname="com.browserstack.tests.SampleTest" name="testCase1" time="14.262"/>
</testsuite> <!-- com.browserstack.tests.SampleTest -->
