<?xml version="1.0" encoding="UTF-8"?>
<!-- Generated by org.testng.reporters.JUnitReportReporter -->
<testsuite hostname="Mohammeds-MacBook-Pro.local" failures="0" tests="4" name="com.browserstack.tests.SampleTest" time="87.549" errors="0" timestamp="15 Apr 2021 15:33:18 GMT">
  <testcase classname="com.browserstack.tests.SampleTest" name="testCase1" time="23.239"/>
  <testcase classname="com.browserstack.tests.SampleTest" name="testCase1" time="15.705"/>
  <testcase classname="com.browserstack.tests.SampleTest" name="testCase1" time="14.408"/>
  <testcase classname="com.browserstack.tests.SampleTest" name="testCase1" time="34.197"/>
</testsuite> <!-- com.browserstack.tests.SampleTest -->
