<?xml version="1.0" encoding="UTF-8"?>
<!-- Generated by org.testng.reporters.JUnitReportReporter -->
<testsuite hostname="Mohammeds-MacBook-Pro.local" failures="0" tests="4" name="com.browserstack.tests.SampleTest" time="80.083" errors="0" timestamp="13 Apr 2021 08:52:58 GMT">
  <testcase classname="com.browserstack.tests.SampleTest" name="testCase1" time="24.529"/>
  <testcase classname="com.browserstack.tests.SampleTest" name="testCase1" time="13.511"/>
  <testcase classname="com.browserstack.tests.SampleTest" name="testCase1" time="23.778"/>
  <testcase classname="com.browserstack.tests.SampleTest" name="testCase1" time="18.265"/>
</testsuite> <!-- com.browserstack.tests.SampleTest -->
