<?xml version="1.0" encoding="UTF-8"?>
<!-- Generated by org.testng.reporters.JUnitReportReporter -->
<testsuite hostname="Mohammeds-MacBook-Pro.local" failures="0" tests="4" name="com.browserstack.tests.SampleTest" time="87.799" errors="0" timestamp="13 Apr 2021 07:31:01 GMT">
  <testcase classname="com.browserstack.tests.SampleTest" name="testCase1" time="24.512"/>
  <testcase classname="com.browserstack.tests.SampleTest" name="testCase1" time="14.322"/>
  <testcase classname="com.browserstack.tests.SampleTest" name="testCase1" time="26.609"/>
  <testcase classname="com.browserstack.tests.SampleTest" name="testCase1" time="22.356"/>
</testsuite> <!-- com.browserstack.tests.SampleTest -->
